<?xml version="1.0" encoding="UTF-8"?>
<testng-results ignored="0" total="1" passed="1" failed="0" skipped="0">
  <reporter-output>
  </reporter-output>
  <suite started-at="2021-09-01T13:25:34 IST" name="Default suite" finished-at="2021-09-01T13:25:45 IST" duration-ms="10446">
    <groups>
      <group name="cucumber">
        <method signature="AbstractTestNGCucumberTests.runScenario(io.cucumber.testng.PickleWrapper,io.cucumber.testng.FeatureWrapper)[pri:0, instance:com.TestRunner.SeleniumEasyTestRunner@35cabb2a]" name="runScenario" class="io.cucumber.testng.AbstractTestNGCucumberTests"/>
      </group> <!-- cucumber -->
    </groups>
    <test started-at="2021-09-01T13:25:34 IST" name="Default test" finished-at="2021-09-01T13:25:45 IST" duration-ms="10446">
      <class name="com.TestRunner.SeleniumEasyTestRunner">
        <test-method is-config="true" signature="setUpClass()[pri:0, instance:com.TestRunner.SeleniumEasyTestRunner@35cabb2a]" started-at="2021-09-01T13:25:34 IST" name="setUpClass" finished-at="2021-09-01T13:25:35 IST" duration-ms="849" status="PASS">
          <reporter-output>
          </reporter-output>
        </test-method> <!-- setUpClass -->
        <test-method signature="runScenario(io.cucumber.testng.PickleWrapper,io.cucumber.testng.FeatureWrapper)[pri:0, instance:com.TestRunner.SeleniumEasyTestRunner@35cabb2a]" started-at="2021-09-01T13:25:35 IST" name="runScenario" description="Runs Cucumber Scenarios" data-provider="scenarios" finished-at="2021-09-01T13:25:45 IST" duration-ms="9299" status="PASS">
          <params>
            <param index="0">
              <value>
                <![CDATA["Check selenium easy input form submit page text fields"]]>
              </value>
            </param>
            <param index="1">
              <value>
                <![CDATA["Optional[To test the  text fields of input form submit page]"]]>
              </value>
            </param>
          </params>
          <reporter-output>
          </reporter-output>
        </test-method> <!-- runScenario -->
        <test-method is-config="true" signature="tearDownClass()[pri:0, instance:com.TestRunner.SeleniumEasyTestRunner@35cabb2a]" started-at="2021-09-01T13:25:45 IST" name="tearDownClass" finished-at="2021-09-01T13:25:45 IST" duration-ms="242" status="PASS">
          <reporter-output>
          </reporter-output>
        </test-method> <!-- tearDownClass -->
      </class> <!-- com.TestRunner.SeleniumEasyTestRunner -->
    </test> <!-- Default test -->
  </suite> <!-- Default suite -->
</testng-results>
